<?xml version="1.0" encoding="UTF-8"?>
<testng-results ignored="0" total="2" passed="2" failed="0" skipped="0">
  <reporter-output>
  </reporter-output>
  <suite started-at="2020-12-22T13:22:23 IST" name="Surefire suite" finished-at="2020-12-22T13:22:23 IST" duration-ms="50">
    <groups>
    </groups>
    <test started-at="2020-12-22T13:22:23 IST" name="Surefire test" finished-at="2020-12-22T13:22:23 IST" duration-ms="50">
      <class name="qaclickacademy.mavenrp.SeleniumTest">
        <test-method signature="Sellogin()[pri:0, instance:qaclickacademy.mavenrp.SeleniumTest@501edcf1]" started-at="2020-12-22T13:22:23 IST" name="Sellogin" finished-at="2020-12-22T13:22:23 IST" duration-ms="5" status="PASS">
          <reporter-output>
          </reporter-output>
        </test-method> <!-- Sellogin -->
        <test-method signature="Sellogout()[pri:0, instance:qaclickacademy.mavenrp.SeleniumTest@501edcf1]" started-at="2020-12-22T13:22:23 IST" name="Sellogout" finished-at="2020-12-22T13:22:23 IST" duration-ms="0" status="PASS">
          <reporter-output>
          </reporter-output>
        </test-method> <!-- Sellogout -->
      </class> <!-- qaclickacademy.mavenrp.SeleniumTest -->
    </test> <!-- Surefire test -->
  </suite> <!-- Surefire suite -->
</testng-results>
