<?xml version="1.0" encoding="UTF-8"?>
<!-- Generated by org.testng.reporters.JUnitXMLReporter -->
<testsuite ignored="0" hostname="DESKTOP-PCV342P" failures="0" tests="5" name="Test" time="0.054" errors="0" timestamp="2020-12-22T14:29:30 IST">
  <testcase classname="qaclickacademy.mavenrp.Appium" name="Appiumlogout" time="0.007"/>
  <testcase classname="qaclickacademy.mavenrp.RestAPI" name="RestAPIlogin" time="0.001"/>
  <testcase classname="qaclickacademy.mavenrp.RestAPI" name="RestAPIlogout" time="0.0"/>
  <testcase classname="qaclickacademy.mavenrp.SeleniumTest" name="Sellogin" time="0.0"/>
  <testcase classname="qaclickacademy.mavenrp.SeleniumTest" name="Sellogout" time="0.0"/>
</testsuite> <!-- Test -->
